D:\CODE\IICORRECTION\IICORRECTION\RELEASE\IICORRECTION.PCH
D:\CODE\IICORRECTION\IICORRECTION\RELEASE\STDAFX.OBJ
D:\CODE\IICORRECTION\IICORRECTION\RELEASE\VC110.PDB
D:\CODE\IICORRECTION\IICORRECTION\RELEASE\INHOMOCORRECT.OBJ
D:\CODE\IICORRECTION\IICORRECTION\RELEASE\IICORRECTION.OBJ
D:\CODE\IICORRECTION\RELEASE\IICORRECTION.EXE
D:\CODE\IICORRECTION\RELEASE\IICORRECTION.PDB
D:\Code\IICorrection\IICorrection\Release\IICorrection.obj
D:\Code\IICorrection\IICorrection\Release\InhomoCorrect.obj
D:\Code\IICorrection\IICorrection\Release\stdafx.obj
D:\Code\IICorrection\IICorrection\Release\cl.command.1.tlog
D:\Code\IICorrection\IICorrection\Release\CL.read.1.tlog
D:\Code\IICorrection\IICorrection\Release\CL.write.1.tlog
D:\Code\IICorrection\IICorrection\Release\link-cvtres.read.1.tlog
D:\Code\IICorrection\IICorrection\Release\link-cvtres.write.1.tlog
D:\Code\IICorrection\IICorrection\Release\link-mt.read.1.tlog
D:\Code\IICorrection\IICorrection\Release\link-mt.write.1.tlog
D:\Code\IICorrection\IICorrection\Release\link-rc.read.1.tlog
D:\Code\IICorrection\IICorrection\Release\link-rc.write.1.tlog
D:\Code\IICorrection\IICorrection\Release\link.command.1.tlog
D:\Code\IICorrection\IICorrection\Release\link.read.1.tlog
D:\Code\IICorrection\IICorrection\Release\link.write.1.tlog
D:\Code\IICorrection\IICorrection\Release\IICorrection.pch
D:\Code\IICorrection\IICorrection\Release\vc110.pdb
D:\Code\IICorrection\Release\IICorrection.pdb
D:\Code\IICorrection\Release\IICorrection.exe
